[cfo268.wixsite.com/my-site-26.html]
[static.parastorage.com/unpkg/core-js-bundle@3.2.1/minified.js]
[static.parastorage.com/unpkg/focus-within-polyfill@5.0.9/dist/focus-within-polyfill.js]
[backblue.gif]
[fade.gif]
[index.html]
[polyfill.io/v3/polyfill.mind82c.js]
[cfo268.wixsite.com/index.html]
[static.wixstatic.com/media/659744_d908102d62d848bba3fbc4b260e00ff7_mv2.png/v1/fill/w_63,h_63,al_c,q_85,usm_0.66_1.00_0.01,enc_auto/AAROHA_LOGO_BG_edited.png]
[cfo268.wixsite.com/my-site-26/shop.html]
[cfo268.wixsite.com/my-site-26/about.html]
[cfo268.wixsite.com/my-site-26/contact.html]
[cfo268.wixsite.com/my-site-26/book-online.html]
[cfo268.wixsite.com/media/emptystate.85a4add5.a.delayed]
[static.wixstatic.com/media/7a82457d009c464d87ead3e489668e69.jpg/v1/fit/w_1920,h_947,q_90/7a82457d009c464d87ead3e489668e69.jpg]
[cfo268.wixsite.com/my-site-26/cart.html]
[static.wixstatic.com/media/11062b_cf7c9a85c2214374a8a1a69df1a859ba_mv2.jpeg/v1/fit/w_1920,h_947,q_90/11062b_cf7c9a85c2214374a8a1a69df1a859ba_mv2.jpg]
[static.wixstatic.com/media/659744_2a5b5870d39e4df5a3f689befac0f1ad_mv2.png/v1/fill/w_299,h_299,al_c,q_85,usm_0.66_1.00_0.01,enc_auto/659744_2a5b5870d39e4df5a3f689befac0f1ad_mv2.png]
[static.wixstatic.com/media/659744_7712ae3927f14521adecc928a40f878e_mv2.png/v1/crop/x_0,y_0,w_420,h_594,q_85,blur_2,enc_auto/659744_7712ae3927f14521adecc928a40f878e_mv2.png]
[static.wixstatic.com/media/659744_4b4b3b24db8c46708c3979b44be59470_mv2.jpeg/v1/crop/x_0,y_0,w_1024,h_849/fill/w_101,h_84,al_c,q_80,usm_0.66_1.00_0.01,blur_2,enc_auto/_9df74300-a14c-4419-85ed-443b3dbf91b3.jpg]
[static.wixstatic.com/media/659744_53dde341f86d4813bd6ee06a012ff7d2_mv2.jpeg/v1/crop/x_0,y_0,w_1024,h_849/fill/w_101,h_84,al_c,q_80,usm_0.66_1.00_0.01,blur_2,enc_auto/_e9d0f7ba-1953-430c-8234-53df367ee761.jpg]
[static.wixstatic.com/media/659744_08532ad7099d4256bbe0ca1ede6b932d_mv2.jpeg/v1/fill/w_147,h_147,al_c,q_80,usm_0.66_1.00_0.01,blur_2,enc_auto/659744_08532ad7099d4256bbe0ca1ede6b932d_mv2.jpg]
[cfo268.wixsite.com/my-site-26/product-page/aaroha-herbal-bath-powder.html]
[cfo268.wixsite.com/my-site-26/product-page/wild-cambogia.html]
[static.wixstatic.com/media/659744_7e3f30a9c3a34ef2a24298984dc8a90e_mv2.jpg/v1/fill/w_135,h_90,al_c,q_80,usm_0.66_1.00_0.01,blur_2,enc_auto/659744_7e3f30a9c3a34ef2a24298984dc8a90e_mv2.jpg]
[cfo268.wixsite.com/my-site-26/product-page/shikakai.html]
[static.wixstatic.com/media/659744_4b8ce4a6d74348a597870eef8faf4971_mv2.png/v1/fill/w_100,h_70,al_c,q_85,usm_0.66_1.00_0.01,blur_2,enc_auto/659744_4b8ce4a6d74348a597870eef8faf4971_mv2.png]
[cfo268.wixsite.com/my-site-26/product-page/reetha-powder.html]
[cfo268.wixsite.com/my-site-26/product-page/vacha.html]
[static.wixstatic.com/media/659744_a6aa1d301d6f461e8a0a487c0ec80047_mv2.jpg/v1/fill/w_160,h_127,al_c,q_80,usm_0.66_1.00_0.01,blur_2,enc_auto/659744_a6aa1d301d6f461e8a0a487c0ec80047_mv2.jpg]
[cfo268.wixsite.com/my-site-26/product-page/rose-petal-powder.html]
[static.wixstatic.com/media/659744_8af9a04ac2084d4aac0a3907c2268af4_mv2.jpg/v1/fill/w_125,h_125,al_c,q_80,usm_0.66_1.00_0.01,blur_2,enc_auto/659744_8af9a04ac2084d4aac0a3907c2268af4_mv2.jpg]
[cfo268.wixsite.com/my-site-26/product-page/nadan-sharkkara.html]
[static.wixstatic.com/media/659744_11fffbb3fbf84356996245c8a6f1f808_mv2.jpg/v1/fill/w_96,h_96,al_c,q_80,usm_0.66_1.00_0.01,blur_2,enc_auto/659744_11fffbb3fbf84356996245c8a6f1f808_mv2.jpg]
[cfo268.wixsite.com/my-site-26/product-page/nadan-unda-sharkkara-premium.html]
[static.wixstatic.com/media/659744_9f183436b39e429eaedf34e8f1b4f88b_mv2.jpg/v1/fill/w_147,h_76,al_c,q_80,usm_0.66_1.00_0.01,blur_2,enc_auto/659744_9f183436b39e429eaedf34e8f1b4f88b_mv2.jpg]
[cfo268.wixsite.com/my-site-26/product-page/unprocessed-stingless-bee-forest-honey.html]
[cfo268.wixsite.com/my-site-26/product-page/strong-tea-powder.html]
[static.wixstatic.com/media/659744_eb891ac816394d0cab442fa6c8a69e6c_mv2.jpg/v1/fill/w_147,h_98,al_c,q_80,usm_0.66_1.00_0.01,blur_2,enc_auto/659744_eb891ac816394d0cab442fa6c8a69e6c_mv2.jpg]
[cfo268.wixsite.com/my-site-26/product-page/copy-of-aaroha-natural-pure-cow-ghee.html]
[static.wixstatic.com/media/659744_369f6f11366b413abf613fd8d0a08def_mv2.jpg/v1/fill/w_147,h_110,al_c,q_80,usm_0.66_1.00_0.01,blur_2,enc_auto/659744_369f6f11366b413abf613fd8d0a08def_mv2.jpg]
[cfo268.wixsite.com/my-site-26/product-page/aaroha-natural-pure-cow-ghee.html]
[static.wixstatic.com/media/659744_eedf66f8a26c471aa9402236e1e808bb_mv2.jpeg/v1/fill/w_147,h_147,al_c,q_80,usm_0.66_1.00_0.01,blur_2,enc_auto/659744_eedf66f8a26c471aa9402236e1e808bb_mv2.jpg]
[cfo268.wixsite.com/my-site-26/product-page/natural-forest-honey.html]
[static.wixstatic.com/media/659744_f41b39d2c21a4664bf7e241b1aed7da4_mv2.jpeg/v1/fill/w_147,h_147,al_c,q_80,usm_0.66_1.00_0.01,blur_2,enc_auto/659744_f41b39d2c21a4664bf7e241b1aed7da4_mv2.jpg]
[cfo268.wixsite.com/my-site-26/product-page/aaroha-pure-virgin-coconut-oil.html]
[cfo268.wixsite.com/my-site-26/product-page/black-frankincense.html]
[cfo268.wixsite.com/my-site-26/shipping-and-returns.html]
[cfo268.wixsite.com/my-site-26/store-policy.html]
[browser.sentry-cdn.com/6.18.2/bundle.min.js]
[cfo268.wixsite.com/my-site-26/faq.html]
[cfo268.wixsite.com/sitemap.2f.delayed]
[cfo268.wixsite.com/feed.30.delayed]
[cfo268.wixsite.com/${n.31.delayed]
[static.parastorage.com/services/wix-thunderbolt/dist/thunderbolt-commons.880d574c.bundle.min.js]
[static.parastorage.com/services/wix-thunderbolt/dist/main.ab4c4037.bundle.min.js]
[static.parastorage.com/unpkg/lodash@4.17.21/lodash.min.js]
[static.parastorage.com/unpkg/react@16.14.0/umd/react.production.min.js]
[static.parastorage.com/unpkg/react-dom@16.14.0/umd/react-dom.production.min.js]
[cfo268.wixsite.com/decodeURIComponent(e.37.delayed]
[static.parastorage.com/services/tag-manager-client/1.820.0/siteTags.bundle.min.js]
[cfo268.wixsite.com/my-site-26.html]
[cfo268.wixsite.com/index.html]
[static.parastorage.com/services/wix-perf-measure/1.1095.0/wix-perf-measure.umd.min.js]
[cfo268.wixsite.com/my-site-26/robots.3a.delayed]
[cfo268.wixsite.com/my-site-26/sitemap.3b.delayed]
[cfo268.wixsite.com/my-site-26/feed.3c.delayed]
[cfo268.wixsite.com/my-site-26/${n.3d.delayed]
[cfo268.wixsite.com/my-site-26/decodeURIComponent(e.3e.delayed]
[cfo268.wixsite.com/my-site-26/shop.html]
[cfo268.wixsite.com/my-site-26/about.html]
[static.parastorage.com/services/editor-elements-library/dist/thunderbolt/media/sloppyframe.d2412ec4.png]
[cfo268.wixsite.com/my-site-26/contact.html]
[static.wixstatic.com/media/659744_88a41f775bc34d0ca56c3361b7f1ccd2_mv2.jpg/v1/fill/w_50,h_20,al_c,q_80,usm_0.66_1.00_0.01,blur_3,enc_auto/659744_88a41f775bc34d0ca56c3361b7f1ccd2_mv2.jpg]
[cfo268.wixsite.com/my-site-26/book-online.html]
[cfo268.wixsite.com/my-site-26/cart.html]
[cfo268.wixsite.com/media/emptystate.85a4add5.html]
[cfo268.wixsite.com/my-site-26/service-page/aaroha-ayurveda-pharmacy.html]
[static.wixstatic.com/media/659744_08532ad7099d4256bbe0ca1ede6b932d_mv2.jpeg/v1/fill/w_996,h_996,al_c,q_85,usm_0.66_1.00_0.01/659744_08532ad7099d4256bbe0ca1ede6b932d_mv2.jpg]
[cfo268.wixsite.com/my-site-26/home.html]
[cfo268.wixsite.com/my-site-26/product-page/sitemap.45.delayed]
[cfo268.wixsite.com/my-site-26/product-page/robots.html]
[cfo268.wixsite.com/my-site-26/product-page/feed.46.delayed]
[cfo268.wixsite.com/my-site-26/product-page/${n.html]
[cfo268.wixsite.com/my-site-26/product-page/aaroha-herbal-bath-powder.html]
[cfo268.wixsite.com/my-site-26/product-page/wild-cambogia.html]
[cfo268.wixsite.com/my-site-26/product-page/decodeURIComponent(e.html]
[static.wixstatic.com/media/659744_7e3f30a9c3a34ef2a24298984dc8a90e_mv2.jpg/v1/fill/w_750,h_500,al_c,q_85/659744_7e3f30a9c3a34ef2a24298984dc8a90e_mv2.jpg]
[cfo268.wixsite.com/my-site-26/product-page/shikakai.html]
[static.wixstatic.com/media/659744_4b8ce4a6d74348a597870eef8faf4971_mv2.png/v1/fill/w_560,h_373,al_c,lg_1/659744_4b8ce4a6d74348a597870eef8faf4971_mv2.png]
[cfo268.wixsite.com/my-site-26/product-page/reetha-powder.html]
[cfo268.wixsite.com/my-site-26/product-page/vacha.html]
[static.wixstatic.com/media/659744_a6aa1d301d6f461e8a0a487c0ec80047_mv2.jpg/v1/fill/w_887,h_664,al_c,q_85/659744_a6aa1d301d6f461e8a0a487c0ec80047_mv2.jpg]
[cfo268.wixsite.com/my-site-26/product-page/rose-petal-powder.html]
[static.wixstatic.com/media/659744_8af9a04ac2084d4aac0a3907c2268af4_mv2.jpg/v1/fill/w_600,h_600,al_c,lg_1,q_85/659744_8af9a04ac2084d4aac0a3907c2268af4_mv2.jpg]
[cfo268.wixsite.com/my-site-26/product-page/nadan-sharkkara.html]
[static.wixstatic.com/media/659744_11fffbb3fbf84356996245c8a6f1f808_mv2.jpg/v1/fill/w_641,h_641,al_c,lg_1,q_85/659744_11fffbb3fbf84356996245c8a6f1f808_mv2.jpg]
[cfo268.wixsite.com/my-site-26/product-page/nadan-unda-sharkkara-premium.html]
[static.wixstatic.com/media/659744_9f183436b39e429eaedf34e8f1b4f88b_mv2.jpg/v1/fill/w_975,h_650,al_c,q_85/659744_9f183436b39e429eaedf34e8f1b4f88b_mv2.jpg]
[cfo268.wixsite.com/my-site-26/product-page/unprocessed-stingless-bee-forest-honey.html]
[cfo268.wixsite.com/my-site-26/product-page/strong-tea-powder.html]
[static.wixstatic.com/media/659744_eb891ac816394d0cab442fa6c8a69e6c_mv2.jpg/v1/fill/w_996,h_664,al_c,q_85,usm_0.66_1.00_0.01/659744_eb891ac816394d0cab442fa6c8a69e6c_mv2.jpg]
[cfo268.wixsite.com/my-site-26/product-page/copy-of-aaroha-natural-pure-cow-ghee.html]
[static.wixstatic.com/media/659744_369f6f11366b413abf613fd8d0a08def_mv2.jpg/v1/fill/w_996,h_746,al_c,q_85,usm_0.66_1.00_0.01/659744_369f6f11366b413abf613fd8d0a08def_mv2.jpg]
[cfo268.wixsite.com/my-site-26/product-page/aaroha-natural-pure-cow-ghee.html]
[static.wixstatic.com/media/659744_eedf66f8a26c471aa9402236e1e808bb_mv2.jpeg/v1/fill/w_996,h_996,al_c,q_85,usm_0.66_1.00_0.01/659744_eedf66f8a26c471aa9402236e1e808bb_mv2.jpg]
[cfo268.wixsite.com/my-site-26/product-page/natural-forest-honey.html]
[static.wixstatic.com/media/659744_f41b39d2c21a4664bf7e241b1aed7da4_mv2.jpeg/v1/fill/w_996,h_996,al_c,q_85,usm_0.66_1.00_0.01/659744_f41b39d2c21a4664bf7e241b1aed7da4_mv2.jpg]
[cfo268.wixsite.com/my-site-26/product-page/aaroha-pure-virgin-coconut-oil.html]
[cfo268.wixsite.com/my-site-26/product-page/black-frankincense.html]
[cfo268.wixsite.com/my-site-26/shipping-and-returns.html]
[cfo268.wixsite.com/my-site-26/store-policy.html]
[cfo268.wixsite.com/my-site-26/faq.html]
[cfo268.wixsite.com/sitemap.html]
[cfo268.wixsite.com/feed.html]
[cfo268.wixsite.com/${n.html]
[cfo268.wixsite.com/decodeURIComponent(e.html]
[cfo268.wixsite.com/my-site-26/robots.html]
[cfo268.wixsite.com/my-site-26/sitemap.html]
[cfo268.wixsite.com/my-site-26/feed.html]
[cfo268.wixsite.com/my-site-26/${n.html]
[cfo268.wixsite.com/my-site-26/decodeURIComponent(e.html]
[cfo268.wixsite.com/my-site-26/service-page/sitemap.54.delayed]
[cfo268.wixsite.com/my-site-26/service-page/robots.html]
[cfo268.wixsite.com/my-site-26/service-page/feed.55.delayed]
[cfo268.wixsite.com/my-site-26/service-page/${n.html]
[cfo268.wixsite.com/my-site-26/service-page/aaroha-ayurveda-pharmacy.html]
[cfo268.wixsite.com/my-site-26/service-page/decodeURIComponent(e.html]
[cfo268.wixsite.com/my-site-26/media/emptystate.85a4add5.58.delayed]
[cfo268.wixsite.com/my-site-26/home.html]
[cfo268.wixsite.com/my-site-26/product-page/robots.html]
[cfo268.wixsite.com/my-site-26/product-page/sitemap.html]
[cfo268.wixsite.com/my-site-26/product-page/feed.html]
[cfo268.wixsite.com/my-site-26/product-page/${n.html]
[cfo268.wixsite.com/my-site-26/product-page/decodeURIComponent(e.html]
[cfo268.wixsite.com/my-site-26/service-page/robots.html]
[cfo268.wixsite.com/my-site-26/service-page/sitemap.html]
[cfo268.wixsite.com/my-site-26/service-page/feed.html]
[cfo268.wixsite.com/my-site-26/product-page/${n-2.html]
[cfo268.wixsite.com/my-site-26/service-page/${n.html]
[cfo268.wixsite.com/my-site-26/service-page/decodeURIComponent(e.html]
[cfo268.wixsite.com/my-site-26/media/emptystate.85a4add5.html]
[cfo268.wixsite.com/my-site-26/product-page/${n-2.html]
[cfo268.wixsite.com/my-site-26/service-page/${n-2.html]
[cfo268.wixsite.com/my-site-26/service-page/${n-2.html]
